<?xml version="1.0" encoding="UTF-8"?>
<testng-results ignored="0" total="1" passed="1" failed="0" skipped="0">
  <reporter-output>
  </reporter-output>
  <suite started-at="2023-07-30T22:19:12 IST" name="Default suite" finished-at="2023-07-30T22:19:17 IST" duration-ms="4537">
    <groups>
    </groups>
    <test started-at="2023-07-30T22:19:12 IST" name="Default test" finished-at="2023-07-30T22:19:17 IST" duration-ms="4537">
      <class name="testngSamplePkg.NewTest">
        <test-method is-config="true" signature="beforeMethod()[pri:0, instance:testngSamplePkg.NewTest@60bd273d]" started-at="2023-07-30T22:19:13 IST" name="beforeMethod" finished-at="2023-07-30T22:19:13 IST" duration-ms="9" status="PASS">
          <reporter-output>
          </reporter-output>
        </test-method> <!-- beforeMethod -->
        <test-method signature="f()[pri:0, instance:testngSamplePkg.NewTest@60bd273d]" started-at="2023-07-30T22:19:13 IST" name="f" finished-at="2023-07-30T22:19:17 IST" duration-ms="4481" status="PASS">
          <reporter-output>
          </reporter-output>
        </test-method> <!-- f -->
        <test-method is-config="true" signature="afterMethod()[pri:0, instance:testngSamplePkg.NewTest@60bd273d]" started-at="2023-07-30T22:19:17 IST" name="afterMethod" finished-at="2023-07-30T22:19:17 IST" duration-ms="0" status="PASS">
          <reporter-output>
          </reporter-output>
        </test-method> <!-- afterMethod -->
      </class> <!-- testngSamplePkg.NewTest -->
    </test> <!-- Default test -->
  </suite> <!-- Default suite -->
</testng-results>
